<?xml version="1.0" encoding="UTF-8"?>
<!-- Generated by org.testng.reporters.JUnitXMLReporter -->
<testsuite hostname="philipss-MacBook-Pro.local" failures="1" tests="3" name="Test1" time="104.164" errors="0" timestamp="15 Mar 2018 07:29:41 GMT">
  <testcase classname="com.test.testcase.Bedlight" name="@AfterMethod afterMethod" time="0.0">
    <failure type="org.openqa.selenium.NoSuchElementException" message="An element could not be located on the page using the given search parameters. (WARNING: The server did not provide any stacktrace information)
Command duration or timeout: 700 milliseconds
For documentation on this error, please visit: http://seleniumhq.org/exceptions/no_such_element.html
Build info: version: &amp;apos;2.44.0&amp;apos;, revision: &amp;apos;76d78cf&amp;apos;, time: &amp;apos;2014-10-23 20:03:00&amp;apos;
System info: host: &amp;apos;philipss-MacBook-Pro.local&amp;apos;, ip: &amp;apos;192.168.1.137&amp;apos;, os.name: &amp;apos;Mac OS X&amp;apos;, os.arch: &amp;apos;x86_64&amp;apos;, os.version: &amp;apos;10.13.3&amp;apos;, java.version: &amp;apos;9.0.4&amp;apos;
Driver info: io.appium.java_client.android.AndroidDriver
Capabilities [{appPackage=com.xiaomi.smarthome, deviceScreenSize=1080x1920, networkConnectionEnabled=true, noReset=true, noSign=true, warnings={}, databaseEnabled=false, deviceName=3DN4C16419025167, platform=WINDOWS, deviceUDID=3DN4C16419025167, appActivity=.SmartHomeMainActivity, desired={appPackage=com.xiaomi.smarthome, appActivity=.SmartHomeMainActivity, noReset=true, noSign=true, newCommandTimeout=600, platformVersion=8.0.0, automationName=Appium, unicodeKeyboard=true, platformName=Android, udid=3DN4C16419025167, deviceName=android Emulator, platform=WINDOWS}, newCommandTimeout=600, platformVersion=6.0, webStorageEnabled=false, locationContextEnabled=false, automationName=Appium, takesScreenshot=true, javascriptEnabled=true, deviceModel=HUAWEI VNS-AL00, unicodeKeyboard=true, platformName=Android, udid=3DN4C16419025167, deviceManufacturer=HUAWEI}]
Session ID: fa38a011-d952-4de7-9f71-e693b495a710">
      <![CDATA[org.openqa.selenium.NoSuchElementException: An element could not be located on the page using the given search parameters. (WARNING: The server did not provide any stacktrace information)
Command duration or timeout: 700 milliseconds
For documentation on this error, please visit: http://seleniumhq.org/exceptions/no_such_element.html
Build info: version: '2.44.0', revision: '76d78cf', time: '2014-10-23 20:03:00'
System info: host: 'philipss-MacBook-Pro.local', ip: '192.168.1.137', os.name: 'Mac OS X', os.arch: 'x86_64', os.version: '10.13.3', java.version: '9.0.4'
Driver info: io.appium.java_client.android.AndroidDriver
Capabilities [{appPackage=com.xiaomi.smarthome, deviceScreenSize=1080x1920, networkConnectionEnabled=true, noReset=true, noSign=true, warnings={}, databaseEnabled=false, deviceName=3DN4C16419025167, platform=WINDOWS, deviceUDID=3DN4C16419025167, appActivity=.SmartHomeMainActivity, desired={appPackage=com.xiaomi.smarthome, appActivity=.SmartHomeMainActivity, noReset=true, noSign=true, newCommandTimeout=600, platformVersion=8.0.0, automationName=Appium, unicodeKeyboard=true, platformName=Android, udid=3DN4C16419025167, deviceName=android Emulator, platform=WINDOWS}, newCommandTimeout=600, platformVersion=6.0, webStorageEnabled=false, locationContextEnabled=false, automationName=Appium, takesScreenshot=true, javascriptEnabled=true, deviceModel=HUAWEI VNS-AL00, unicodeKeyboard=true, platformName=Android, udid=3DN4C16419025167, deviceManufacturer=HUAWEI}]
Session ID: fa38a011-d952-4de7-9f71-e693b495a710
	at org.openqa.selenium.remote.ErrorHandler.createThrowable(ErrorHandler.java:204)
	at org.openqa.selenium.remote.ErrorHandler.throwIfResponseFailed(ErrorHandler.java:156)
	at org.openqa.selenium.remote.RemoteWebDriver.execute(RemoteWebDriver.java:599)
	at io.appium.java_client.AppiumDriver.execute(AppiumDriver.java:180)
	at org.openqa.selenium.remote.RemoteWebDriver.findElement(RemoteWebDriver.java:352)
	at org.openqa.selenium.remote.RemoteWebDriver.findElementById(RemoteWebDriver.java:393)
	at org.openqa.selenium.By$ById.findElement(By.java:214)
	at org.openqa.selenium.remote.RemoteWebDriver.findElement(RemoteWebDriver.java:344)
	at com.dan.common.Element.find(Element.java:136)
	at com.dan.common.Element.get(Element.java:74)
	at com.dan.common.Element.click(Element.java:469)
	at com.dan.demo.BaseCase.goToMain(BaseCase.java:71)
	at com.test.testcase.BaseCaseTest.afterMethod(BaseCaseTest.java:52)
... Removed 29 stack frames]]>
    </failure>
  </testcase> <!-- @AfterMethod afterMethod -->
  <testcase classname="com.test.testcase.Bedlight" name="@BeforeMethod springTestContextBeforeTestMethod" time="0.0">
    <skipped/>
  </testcase> <!-- @BeforeMethod springTestContextBeforeTestMethod -->
  <testcase classname="com.test.testcase.Bedlight" name="@AfterMethod afterMethod" time="0.0">
    <skipped/>
  </testcase> <!-- @AfterMethod afterMethod -->
  <testcase classname="com.test.testcase.Bedlight" name="@BeforeMethod springTestContextBeforeTestMethod" time="0.0">
    <skipped/>
  </testcase> <!-- @BeforeMethod springTestContextBeforeTestMethod -->
  <testcase classname="com.test.testcase.Bedlight" name="@AfterMethod afterMethod" time="0.0">
    <skipped/>
  </testcase> <!-- @AfterMethod afterMethod -->
  <testcase classname="com.test.testcase.Bedlight" name="@AfterClass afterClass" time="0.0">
    <skipped/>
  </testcase> <!-- @AfterClass afterClass -->
  <testcase classname="com.test.testcase.Bedlight" name="a" time="33.309">
    <failure type="org.openqa.selenium.InvalidSelectorException" message="Locator Strategy &amp;apos;name&amp;apos; is not supported for this session (WARNING: The server did not provide any stacktrace information)
Command duration or timeout: 6 milliseconds
For documentation on this error, please visit: http://seleniumhq.org/exceptions/invalid_selector_exception.html
Build info: version: &amp;apos;2.44.0&amp;apos;, revision: &amp;apos;76d78cf&amp;apos;, time: &amp;apos;2014-10-23 20:03:00&amp;apos;
System info: host: &amp;apos;philipss-MacBook-Pro.local&amp;apos;, ip: &amp;apos;192.168.1.137&amp;apos;, os.name: &amp;apos;Mac OS X&amp;apos;, os.arch: &amp;apos;x86_64&amp;apos;, os.version: &amp;apos;10.13.3&amp;apos;, java.version: &amp;apos;9.0.4&amp;apos;
Driver info: io.appium.java_client.android.AndroidDriver
Capabilities [{appPackage=com.xiaomi.smarthome, deviceScreenSize=1080x1920, networkConnectionEnabled=true, noReset=true, noSign=true, warnings={}, databaseEnabled=false, deviceName=3DN4C16419025167, platform=WINDOWS, deviceUDID=3DN4C16419025167, appActivity=.SmartHomeMainActivity, desired={appPackage=com.xiaomi.smarthome, appActivity=.SmartHomeMainActivity, noReset=true, noSign=true, newCommandTimeout=600, platformVersion=8.0.0, automationName=Appium, unicodeKeyboard=true, platformName=Android, udid=3DN4C16419025167, deviceName=android Emulator, platform=WINDOWS}, newCommandTimeout=600, platformVersion=6.0, webStorageEnabled=false, locationContextEnabled=false, automationName=Appium, takesScreenshot=true, javascriptEnabled=true, deviceModel=HUAWEI VNS-AL00, unicodeKeyboard=true, platformName=Android, udid=3DN4C16419025167, deviceManufacturer=HUAWEI}]
Session ID: fa38a011-d952-4de7-9f71-e693b495a710">
      <![CDATA[org.openqa.selenium.InvalidSelectorException: Locator Strategy 'name' is not supported for this session (WARNING: The server did not provide any stacktrace information)
Command duration or timeout: 6 milliseconds
For documentation on this error, please visit: http://seleniumhq.org/exceptions/invalid_selector_exception.html
Build info: version: '2.44.0', revision: '76d78cf', time: '2014-10-23 20:03:00'
System info: host: 'philipss-MacBook-Pro.local', ip: '192.168.1.137', os.name: 'Mac OS X', os.arch: 'x86_64', os.version: '10.13.3', java.version: '9.0.4'
Driver info: io.appium.java_client.android.AndroidDriver
Capabilities [{appPackage=com.xiaomi.smarthome, deviceScreenSize=1080x1920, networkConnectionEnabled=true, noReset=true, noSign=true, warnings={}, databaseEnabled=false, deviceName=3DN4C16419025167, platform=WINDOWS, deviceUDID=3DN4C16419025167, appActivity=.SmartHomeMainActivity, desired={appPackage=com.xiaomi.smarthome, appActivity=.SmartHomeMainActivity, noReset=true, noSign=true, newCommandTimeout=600, platformVersion=8.0.0, automationName=Appium, unicodeKeyboard=true, platformName=Android, udid=3DN4C16419025167, deviceName=android Emulator, platform=WINDOWS}, newCommandTimeout=600, platformVersion=6.0, webStorageEnabled=false, locationContextEnabled=false, automationName=Appium, takesScreenshot=true, javascriptEnabled=true, deviceModel=HUAWEI VNS-AL00, unicodeKeyboard=true, platformName=Android, udid=3DN4C16419025167, deviceManufacturer=HUAWEI}]
Session ID: fa38a011-d952-4de7-9f71-e693b495a710
	at org.openqa.selenium.remote.ErrorHandler.createThrowable(ErrorHandler.java:204)
	at org.openqa.selenium.remote.ErrorHandler.throwIfResponseFailed(ErrorHandler.java:156)
	at org.openqa.selenium.remote.RemoteWebDriver.execute(RemoteWebDriver.java:599)
	at io.appium.java_client.AppiumDriver.execute(AppiumDriver.java:180)
	at org.openqa.selenium.remote.RemoteWebDriver.findElement(RemoteWebDriver.java:352)
	at org.openqa.selenium.remote.RemoteWebDriver.findElementByName(RemoteWebDriver.java:425)
	at org.openqa.selenium.By$ByName.findElement(By.java:299)
	at org.openqa.selenium.remote.RemoteWebDriver.findElement(RemoteWebDriver.java:344)
	at com.dan.common.Element.find(Element.java:136)
	at com.dan.common.Element.get(Element.java:74)
	at com.dan.common.Element.click(Element.java:469)
	at com.test.testcase.Bedlight.a(Bedlight.java:50)
	at org.springframework.test.context.testng.AbstractTestNGSpringContextTests.run(AbstractTestNGSpringContextTests.java:157)
... Removed 33 stack frames]]>
    </failure>
  </testcase> <!-- a -->
  <testcase classname="com.test.testcase.Bedlight" name="b" time="0.0">
    <skipped/>
  </testcase> <!-- b -->
  <testcase classname="com.test.testcase.Bedlight" name="c" time="0.001">
    <skipped/>
  </testcase> <!-- c -->
</testsuite> <!-- Test1 -->
